<?xml version="1.0" encoding="UTF-8"?>
<!-- Generated by org.testng.reporters.JUnitReportReporter -->
<testsuite skipped="0" hostname="LAPTOP-SC9LS94D" name="org.dataprovider.DataProviderTask" tests="5" failures="0" timestamp="07 Sep 2020 06:19:26 GMT" time="41.674" errors="0">
  <testcase name="testCase" time="9.459" classname="org.dataprovider.DataProviderTask"/>
  <testcase name="testCase" time="7.495" classname="org.dataprovider.DataProviderTask"/>
  <testcase name="testCase" time="7.714" classname="org.dataprovider.DataProviderTask"/>
  <testcase name="testCase" time="8.393" classname="org.dataprovider.DataProviderTask"/>
  <testcase name="testCase" time="8.613" classname="org.dataprovider.DataProviderTask"/>
</testsuite> <!-- org.dataprovider.DataProviderTask -->
