<?xml version="1.0" encoding="UTF-8"?>
<!-- Generated by org.testng.reporters.JUnitReportReporter -->
<testsuite skipped="0" hostname="LAPTOP-SC9LS94D" name="org.dataprovider.ParameterTestng" tests="1" failures="0" timestamp="07 Sep 2020 06:49:10 GMT" time="11.502" errors="0">
  <testcase name="testCase2" time="11.502" classname="org.dataprovider.ParameterTestng"/>
</testsuite> <!-- org.dataprovider.ParameterTestng -->
