<?xml version="1.0" encoding="UTF-8"?>
<!-- Generated by org.testng.reporters.JUnitReportReporter -->
<testsuite skipped="0" hostname="LAPTOP-SC9LS94D" name="org.testngecom.Amazon2" tests="1" failures="0" timestamp="03 Sep 2020 17:49:28 GMT" time="10.729" errors="0">
  <testcase name="testCase1" time="10.729" classname="org.testngecom.Amazon2"/>
</testsuite> <!-- org.testngecom.Amazon2 -->
