<?xml version="1.0" encoding="UTF-8"?>
<!-- Generated by org.testng.reporters.JUnitReportReporter -->
<testsuite skipped="0" hostname="LAPTOP-SC9LS94D" name="org.testngecom.Amazon" tests="1" failures="0" timestamp="03 Sep 2020 09:49:34 GMT" time="6.533" errors="0">
  <testcase name="testCase1" time="6.533" classname="org.testngecom.Amazon"/>
</testsuite> <!-- org.testngecom.Amazon -->
