<?xml version="1.0" encoding="UTF-8"?>
<!-- Generated by org.testng.reporters.JUnitReportReporter -->
<testsuite skipped="0" hostname="LAPTOP-SC9LS94D" name="org.BatchExecution.Testing" tests="1" failures="0" timestamp="03 Sep 2020 17:38:51 GMT" time="10.605" errors="0">
  <testcase name="testCase1" time="10.605" classname="org.BatchExecution.Testing"/>
</testsuite> <!-- org.BatchExecution.Testing -->
