<?xml version="1.0" encoding="UTF-8"?>
<!-- Generated by org.testng.reporters.JUnitReportReporter -->
<testsuite skipped="0" hostname="LAPTOP-SC9LS94D" name="org.BatchExecution.Execution" tests="3" failures="0" timestamp="03 Sep 2020 17:38:51 GMT" time="37.597" errors="0">
  <testcase name="testCase" time="14.111" classname="org.BatchExecution.Execution"/>
  <testcase name="testCase4" time="13.552" classname="org.BatchExecution.Execution"/>
  <testcase name="testCase2" time="9.934" classname="org.BatchExecution.Execution"/>
</testsuite> <!-- org.BatchExecution.Execution -->
